2018-05-19 21:24:06 - PHP Warning:  fopen(C:/xampp/htdocs/opencart/admin/view/stylesheet/bootstrap.css): failed to open stream: Permission denied in C:\xampp\htdocs\opencart\admin\controller\startup\sass.php on line 14
2018-05-19 21:24:06 - PHP Warning:  flock() expects parameter 1 to be resource, boolean given in C:\xampp\htdocs\opencart\admin\controller\startup\sass.php on line 16
2018-05-19 21:24:06 - PHP Warning:  fwrite() expects parameter 1 to be resource, boolean given in C:\xampp\htdocs\opencart\admin\controller\startup\sass.php on line 18
2018-05-19 21:24:06 - PHP Warning:  fflush() expects parameter 1 to be resource, boolean given in C:\xampp\htdocs\opencart\admin\controller\startup\sass.php on line 20
2018-05-19 21:24:06 - PHP Warning:  flock() expects parameter 1 to be resource, boolean given in C:\xampp\htdocs\opencart\admin\controller\startup\sass.php on line 22
2018-05-19 21:24:06 - PHP Warning:  fclose() expects parameter 1 to be resource, boolean given in C:\xampp\htdocs\opencart\admin\controller\startup\sass.php on line 24
2018-05-19 21:28:21 - PHP Notice:  Undefined offset: 4 in C:\xampp\htdocs\opencart\catalog\controller\extension\module\pavuserpopup.php on line 119
2018-05-19 21:28:21 - PHP Warning:  trim() expects parameter 1 to be string, array given in C:\xampp\htdocs\opencart\catalog\controller\extension\module\pavuserpopup.php on line 122
2018-05-19 21:28:21 - PHP Notice:  Undefined index: ru-ru in C:\xampp\htdocs\opencart\catalog\controller\extension\module\pavobuilder\inc\widgets\custom_menu.php on line 126
2018-05-19 21:28:21 - PHP Notice:  Undefined index: ru-ru in C:\xampp\htdocs\opencart\catalog\controller\extension\module\pavobuilder\inc\widgets\custom_menu.php on line 131
2018-05-19 21:28:21 - PHP Notice:  Undefined index: ru-ru in C:\xampp\htdocs\opencart\catalog\controller\extension\module\pavobuilder\inc\widgets\custom_menu.php on line 131
2018-05-19 21:28:21 - PHP Notice:  Undefined index: ru-ru in C:\xampp\htdocs\opencart\catalog\controller\extension\module\pavobuilder\inc\widgets\custom_menu.php on line 131
2018-05-19 21:28:21 - PHP Notice:  Undefined index: ru-ru in C:\xampp\htdocs\opencart\catalog\controller\extension\module\pavobuilder\inc\widgets\custom_menu.php on line 131
2018-05-19 21:28:21 - PHP Notice:  Undefined index: ru-ru in C:\xampp\htdocs\opencart\catalog\controller\extension\module\pavobuilder\inc\widgets\custom_menu.php on line 131
2018-05-19 21:28:21 - PHP Notice:  Undefined index: ru-ru in C:\xampp\htdocs\opencart\catalog\controller\extension\module\pavobuilder\inc\widgets\custom_menu.php on line 131
2018-05-19 21:28:21 - PHP Notice:  Undefined index: ru-ru in C:\xampp\htdocs\opencart\catalog\controller\extension\module\pavobuilder\inc\widgets\custom_menu.php on line 126
2018-05-19 21:28:21 - PHP Notice:  Undefined index: ru-ru in C:\xampp\htdocs\opencart\catalog\controller\extension\module\pavobuilder\inc\widgets\custom_menu.php on line 131
2018-05-19 21:28:21 - PHP Notice:  Undefined index: ru-ru in C:\xampp\htdocs\opencart\catalog\controller\extension\module\pavobuilder\inc\widgets\custom_menu.php on line 131
2018-05-19 21:28:21 - PHP Notice:  Undefined index: ru-ru in C:\xampp\htdocs\opencart\catalog\controller\extension\module\pavobuilder\inc\widgets\custom_menu.php on line 131
2018-05-19 21:28:21 - PHP Notice:  Undefined index: ru-ru in C:\xampp\htdocs\opencart\catalog\controller\extension\module\pavobuilder\inc\widgets\custom_menu.php on line 131
2018-05-19 21:28:21 - PHP Notice:  Undefined index: ru-ru in C:\xampp\htdocs\opencart\catalog\controller\extension\module\pavobuilder\inc\widgets\custom_menu.php on line 131
2018-05-19 21:28:21 - PHP Notice:  Undefined index: ru-ru in C:\xampp\htdocs\opencart\catalog\controller\extension\module\pavobuilder\inc\widgets\custom_menu.php on line 131
2018-05-19 21:28:21 - PHP Notice:  Undefined index: ru-ru in C:\xampp\htdocs\opencart\catalog\controller\extension\module\pavobuilder\inc\widgets\custom_menu.php on line 126
2018-05-19 21:28:21 - PHP Notice:  Undefined index: ru-ru in C:\xampp\htdocs\opencart\catalog\controller\extension\module\pavobuilder\inc\widgets\custom_menu.php on line 131
2018-05-19 21:28:21 - PHP Notice:  Undefined index: ru-ru in C:\xampp\htdocs\opencart\catalog\controller\extension\module\pavobuilder\inc\widgets\custom_menu.php on line 131
2018-05-19 21:28:21 - PHP Notice:  Undefined index: ru-ru in C:\xampp\htdocs\opencart\catalog\controller\extension\module\pavobuilder\inc\widgets\custom_menu.php on line 131
2018-05-19 21:28:21 - PHP Notice:  Undefined index: ru-ru in C:\xampp\htdocs\opencart\catalog\controller\extension\module\pavobuilder\inc\widgets\custom_menu.php on line 131
2018-05-19 21:28:21 - PHP Notice:  Undefined index: ru-ru in C:\xampp\htdocs\opencart\catalog\controller\extension\module\pavobuilder\inc\widgets\custom_menu.php on line 131
2018-05-19 21:28:21 - PHP Notice:  Undefined index: ru-ru in C:\xampp\htdocs\opencart\catalog\controller\extension\module\pavobuilder\inc\widgets\custom_menu.php on line 131
2018-05-19 21:28:21 - PHP Notice:  Undefined index: ru-ru in C:\xampp\htdocs\opencart\catalog\controller\extension\module\pavobuilder\inc\widgets\custom_menu.php on line 126
2018-05-19 21:28:21 - PHP Notice:  Undefined index: ru-ru in C:\xampp\htdocs\opencart\catalog\controller\extension\module\pavobuilder\inc\widgets\custom_menu.php on line 131
2018-05-19 21:28:21 - PHP Notice:  Undefined index: ru-ru in C:\xampp\htdocs\opencart\catalog\controller\extension\module\pavobuilder\inc\widgets\custom_menu.php on line 131
2018-05-19 21:28:21 - PHP Notice:  Undefined index: ru-ru in C:\xampp\htdocs\opencart\catalog\controller\extension\module\pavobuilder\inc\widgets\custom_menu.php on line 131
2018-05-19 21:28:21 - PHP Notice:  Undefined index: ru-ru in C:\xampp\htdocs\opencart\catalog\controller\extension\module\pavobuilder\inc\widgets\custom_menu.php on line 131
2018-05-19 21:28:21 - PHP Notice:  Undefined index: ru-ru in C:\xampp\htdocs\opencart\catalog\controller\extension\module\pavobuilder\inc\widgets\custom_menu.php on line 131
2018-05-19 21:28:21 - PHP Notice:  Undefined index: ru-ru in C:\xampp\htdocs\opencart\catalog\controller\extension\module\pavobuilder\inc\widgets\custom_menu.php on line 126
2018-05-19 21:28:21 - PHP Notice:  Undefined index: ru-ru in C:\xampp\htdocs\opencart\catalog\controller\extension\module\pavobuilder\inc\widgets\custom_menu.php on line 131
2018-05-19 21:28:21 - PHP Notice:  Undefined index: ru-ru in C:\xampp\htdocs\opencart\catalog\controller\extension\module\pavobuilder\inc\widgets\custom_menu.php on line 131
2018-05-19 21:28:21 - PHP Notice:  Undefined index: ru-ru in C:\xampp\htdocs\opencart\catalog\controller\extension\module\pavobuilder\inc\widgets\custom_menu.php on line 131
2018-05-19 21:28:21 - PHP Notice:  Undefined index: ru-ru in C:\xampp\htdocs\opencart\catalog\controller\extension\module\pavobuilder\inc\widgets\custom_menu.php on line 126
2018-05-19 21:28:21 - PHP Notice:  Undefined index: ru-ru in C:\xampp\htdocs\opencart\catalog\controller\extension\module\pavobuilder\inc\widgets\custom_menu.php on line 131
2018-05-19 21:28:21 - PHP Notice:  Undefined index: ru-ru in C:\xampp\htdocs\opencart\catalog\controller\extension\module\pavobuilder\inc\widgets\custom_menu.php on line 131
2018-05-19 21:28:21 - PHP Notice:  Undefined index: ru-ru in C:\xampp\htdocs\opencart\catalog\controller\extension\module\pavobuilder\inc\widgets\custom_menu.php on line 126
2018-05-19 21:28:21 - PHP Notice:  Undefined index: ru-ru in C:\xampp\htdocs\opencart\catalog\controller\extension\module\pavobuilder\inc\widgets\custom_menu.php on line 131
2018-05-19 21:28:21 - PHP Notice:  Undefined index: ru-ru in C:\xampp\htdocs\opencart\catalog\controller\extension\module\pavobuilder\inc\widgets\custom_menu.php on line 131
2018-05-19 21:28:21 - PHP Notice:  Undefined index: ru-ru in C:\xampp\htdocs\opencart\catalog\controller\extension\module\pavobuilder\inc\widgets\custom_menu.php on line 131
2018-05-19 21:28:21 - PHP Notice:  Undefined index: ru-ru in C:\xampp\htdocs\opencart\catalog\controller\extension\module\pavobuilder\inc\widgets\custom_menu.php on line 126
2018-05-19 21:28:21 - PHP Notice:  Undefined index: ru-ru in C:\xampp\htdocs\opencart\catalog\controller\extension\module\pavobuilder\inc\widgets\custom_menu.php on line 131
2018-05-19 21:28:21 - PHP Notice:  Undefined index: ru-ru in C:\xampp\htdocs\opencart\catalog\controller\extension\module\pavobuilder\inc\widgets\custom_menu.php on line 131
2018-05-19 21:28:21 - PHP Notice:  Undefined index: ru-ru in C:\xampp\htdocs\opencart\catalog\controller\extension\module\pavobuilder\inc\widgets\custom_menu.php on line 131
2018-05-19 21:28:47 - PHP Notice:  Undefined offset: 4 in C:\xampp\htdocs\opencart\catalog\controller\extension\module\pavuserpopup.php on line 119
2018-05-19 21:28:47 - PHP Warning:  trim() expects parameter 1 to be string, array given in C:\xampp\htdocs\opencart\catalog\controller\extension\module\pavuserpopup.php on line 122
2018-05-19 21:28:47 - PHP Notice:  Undefined index: ru-ru in C:\xampp\htdocs\opencart\catalog\controller\extension\module\pavobuilder\inc\widgets\custom_menu.php on line 126
2018-05-19 21:28:47 - PHP Notice:  Undefined index: ru-ru in C:\xampp\htdocs\opencart\catalog\controller\extension\module\pavobuilder\inc\widgets\custom_menu.php on line 131
2018-05-19 21:28:47 - PHP Notice:  Undefined index: ru-ru in C:\xampp\htdocs\opencart\catalog\controller\extension\module\pavobuilder\inc\widgets\custom_menu.php on line 131
2018-05-19 21:28:47 - PHP Notice:  Undefined index: ru-ru in C:\xampp\htdocs\opencart\catalog\controller\extension\module\pavobuilder\inc\widgets\custom_menu.php on line 131
2018-05-19 21:28:47 - PHP Notice:  Undefined index: ru-ru in C:\xampp\htdocs\opencart\catalog\controller\extension\module\pavobuilder\inc\widgets\custom_menu.php on line 131
2018-05-19 21:28:47 - PHP Notice:  Undefined index: ru-ru in C:\xampp\htdocs\opencart\catalog\controller\extension\module\pavobuilder\inc\widgets\custom_menu.php on line 131
2018-05-19 21:28:47 - PHP Notice:  Undefined index: ru-ru in C:\xampp\htdocs\opencart\catalog\controller\extension\module\pavobuilder\inc\widgets\custom_menu.php on line 131
2018-05-19 21:28:47 - PHP Notice:  Undefined index: ru-ru in C:\xampp\htdocs\opencart\catalog\controller\extension\module\pavobuilder\inc\widgets\custom_menu.php on line 126
2018-05-19 21:28:47 - PHP Notice:  Undefined index: ru-ru in C:\xampp\htdocs\opencart\catalog\controller\extension\module\pavobuilder\inc\widgets\custom_menu.php on line 131
2018-05-19 21:28:47 - PHP Notice:  Undefined index: ru-ru in C:\xampp\htdocs\opencart\catalog\controller\extension\module\pavobuilder\inc\widgets\custom_menu.php on line 131
2018-05-19 21:28:47 - PHP Notice:  Undefined index: ru-ru in C:\xampp\htdocs\opencart\catalog\controller\extension\module\pavobuilder\inc\widgets\custom_menu.php on line 131
2018-05-19 21:28:47 - PHP Notice:  Undefined index: ru-ru in C:\xampp\htdocs\opencart\catalog\controller\extension\module\pavobuilder\inc\widgets\custom_menu.php on line 131
2018-05-19 21:28:47 - PHP Notice:  Undefined index: ru-ru in C:\xampp\htdocs\opencart\catalog\controller\extension\module\pavobuilder\inc\widgets\custom_menu.php on line 131
2018-05-19 21:28:47 - PHP Notice:  Undefined index: ru-ru in C:\xampp\htdocs\opencart\catalog\controller\extension\module\pavobuilder\inc\widgets\custom_menu.php on line 131
2018-05-19 21:28:47 - PHP Notice:  Undefined index: ru-ru in C:\xampp\htdocs\opencart\catalog\controller\extension\module\pavobuilder\inc\widgets\custom_menu.php on line 126
2018-05-19 21:28:47 - PHP Notice:  Undefined index: ru-ru in C:\xampp\htdocs\opencart\catalog\controller\extension\module\pavobuilder\inc\widgets\custom_menu.php on line 131
2018-05-19 21:28:47 - PHP Notice:  Undefined index: ru-ru in C:\xampp\htdocs\opencart\catalog\controller\extension\module\pavobuilder\inc\widgets\custom_menu.php on line 131
2018-05-19 21:28:47 - PHP Notice:  Undefined index: ru-ru in C:\xampp\htdocs\opencart\catalog\controller\extension\module\pavobuilder\inc\widgets\custom_menu.php on line 131
2018-05-19 21:28:47 - PHP Notice:  Undefined index: ru-ru in C:\xampp\htdocs\opencart\catalog\controller\extension\module\pavobuilder\inc\widgets\custom_menu.php on line 131
2018-05-19 21:28:47 - PHP Notice:  Undefined index: ru-ru in C:\xampp\htdocs\opencart\catalog\controller\extension\module\pavobuilder\inc\widgets\custom_menu.php on line 131
2018-05-19 21:28:47 - PHP Notice:  Undefined index: ru-ru in C:\xampp\htdocs\opencart\catalog\controller\extension\module\pavobuilder\inc\widgets\custom_menu.php on line 131
2018-05-19 21:28:47 - PHP Notice:  Undefined index: ru-ru in C:\xampp\htdocs\opencart\catalog\controller\extension\module\pavobuilder\inc\widgets\custom_menu.php on line 126
2018-05-19 21:28:47 - PHP Notice:  Undefined index: ru-ru in C:\xampp\htdocs\opencart\catalog\controller\extension\module\pavobuilder\inc\widgets\custom_menu.php on line 131
2018-05-19 21:28:47 - PHP Notice:  Undefined index: ru-ru in C:\xampp\htdocs\opencart\catalog\controller\extension\module\pavobuilder\inc\widgets\custom_menu.php on line 131
2018-05-19 21:28:47 - PHP Notice:  Undefined index: ru-ru in C:\xampp\htdocs\opencart\catalog\controller\extension\module\pavobuilder\inc\widgets\custom_menu.php on line 131
2018-05-19 21:28:47 - PHP Notice:  Undefined index: ru-ru in C:\xampp\htdocs\opencart\catalog\controller\extension\module\pavobuilder\inc\widgets\custom_menu.php on line 131
2018-05-19 21:28:47 - PHP Notice:  Undefined index: ru-ru in C:\xampp\htdocs\opencart\catalog\controller\extension\module\pavobuilder\inc\widgets\custom_menu.php on line 131
2018-05-19 21:28:47 - PHP Notice:  Undefined index: ru-ru in C:\xampp\htdocs\opencart\catalog\controller\extension\module\pavobuilder\inc\widgets\custom_menu.php on line 126
2018-05-19 21:28:47 - PHP Notice:  Undefined index: ru-ru in C:\xampp\htdocs\opencart\catalog\controller\extension\module\pavobuilder\inc\widgets\custom_menu.php on line 131
2018-05-19 21:28:47 - PHP Notice:  Undefined index: ru-ru in C:\xampp\htdocs\opencart\catalog\controller\extension\module\pavobuilder\inc\widgets\custom_menu.php on line 131
2018-05-19 21:28:47 - PHP Notice:  Undefined index: ru-ru in C:\xampp\htdocs\opencart\catalog\controller\extension\module\pavobuilder\inc\widgets\custom_menu.php on line 131
2018-05-19 21:28:47 - PHP Notice:  Undefined index: ru-ru in C:\xampp\htdocs\opencart\catalog\controller\extension\module\pavobuilder\inc\widgets\custom_menu.php on line 126
2018-05-19 21:28:47 - PHP Notice:  Undefined index: ru-ru in C:\xampp\htdocs\opencart\catalog\controller\extension\module\pavobuilder\inc\widgets\custom_menu.php on line 131
2018-05-19 21:28:47 - PHP Notice:  Undefined index: ru-ru in C:\xampp\htdocs\opencart\catalog\controller\extension\module\pavobuilder\inc\widgets\custom_menu.php on line 131
2018-05-19 21:28:47 - PHP Notice:  Undefined index: ru-ru in C:\xampp\htdocs\opencart\catalog\controller\extension\module\pavobuilder\inc\widgets\custom_menu.php on line 126
2018-05-19 21:28:47 - PHP Notice:  Undefined index: ru-ru in C:\xampp\htdocs\opencart\catalog\controller\extension\module\pavobuilder\inc\widgets\custom_menu.php on line 131
2018-05-19 21:28:47 - PHP Notice:  Undefined index: ru-ru in C:\xampp\htdocs\opencart\catalog\controller\extension\module\pavobuilder\inc\widgets\custom_menu.php on line 131
2018-05-19 21:28:47 - PHP Notice:  Undefined index: ru-ru in C:\xampp\htdocs\opencart\catalog\controller\extension\module\pavobuilder\inc\widgets\custom_menu.php on line 131
2018-05-19 21:28:47 - PHP Notice:  Undefined index: ru-ru in C:\xampp\htdocs\opencart\catalog\controller\extension\module\pavobuilder\inc\widgets\custom_menu.php on line 126
2018-05-19 21:28:47 - PHP Notice:  Undefined index: ru-ru in C:\xampp\htdocs\opencart\catalog\controller\extension\module\pavobuilder\inc\widgets\custom_menu.php on line 131
2018-05-19 21:28:47 - PHP Notice:  Undefined index: ru-ru in C:\xampp\htdocs\opencart\catalog\controller\extension\module\pavobuilder\inc\widgets\custom_menu.php on line 131
2018-05-19 21:28:47 - PHP Notice:  Undefined index: ru-ru in C:\xampp\htdocs\opencart\catalog\controller\extension\module\pavobuilder\inc\widgets\custom_menu.php on line 131
2018-05-19 21:28:51 - PHP Notice:  Undefined offset: 4 in C:\xampp\htdocs\opencart\catalog\controller\extension\module\pavuserpopup.php on line 119
2018-05-19 21:28:51 - PHP Warning:  trim() expects parameter 1 to be string, array given in C:\xampp\htdocs\opencart\catalog\controller\extension\module\pavuserpopup.php on line 122
2018-05-19 21:28:51 - PHP Notice:  Undefined index: ru-ru in C:\xampp\htdocs\opencart\catalog\controller\extension\module\pavobuilder\inc\widgets\custom_menu.php on line 126
2018-05-19 21:28:51 - PHP Notice:  Undefined index: ru-ru in C:\xampp\htdocs\opencart\catalog\controller\extension\module\pavobuilder\inc\widgets\custom_menu.php on line 131
2018-05-19 21:28:51 - PHP Notice:  Undefined index: ru-ru in C:\xampp\htdocs\opencart\catalog\controller\extension\module\pavobuilder\inc\widgets\custom_menu.php on line 131
2018-05-19 21:28:51 - PHP Notice:  Undefined index: ru-ru in C:\xampp\htdocs\opencart\catalog\controller\extension\module\pavobuilder\inc\widgets\custom_menu.php on line 131
2018-05-19 21:28:51 - PHP Notice:  Undefined index: ru-ru in C:\xampp\htdocs\opencart\catalog\controller\extension\module\pavobuilder\inc\widgets\custom_menu.php on line 131
2018-05-19 21:28:51 - PHP Notice:  Undefined index: ru-ru in C:\xampp\htdocs\opencart\catalog\controller\extension\module\pavobuilder\inc\widgets\custom_menu.php on line 131
2018-05-19 21:28:51 - PHP Notice:  Undefined index: ru-ru in C:\xampp\htdocs\opencart\catalog\controller\extension\module\pavobuilder\inc\widgets\custom_menu.php on line 131
2018-05-19 21:28:51 - PHP Notice:  Undefined index: ru-ru in C:\xampp\htdocs\opencart\catalog\controller\extension\module\pavobuilder\inc\widgets\custom_menu.php on line 126
2018-05-19 21:28:51 - PHP Notice:  Undefined index: ru-ru in C:\xampp\htdocs\opencart\catalog\controller\extension\module\pavobuilder\inc\widgets\custom_menu.php on line 131
2018-05-19 21:28:51 - PHP Notice:  Undefined index: ru-ru in C:\xampp\htdocs\opencart\catalog\controller\extension\module\pavobuilder\inc\widgets\custom_menu.php on line 131
2018-05-19 21:28:51 - PHP Notice:  Undefined index: ru-ru in C:\xampp\htdocs\opencart\catalog\controller\extension\module\pavobuilder\inc\widgets\custom_menu.php on line 131
2018-05-19 21:28:51 - PHP Notice:  Undefined index: ru-ru in C:\xampp\htdocs\opencart\catalog\controller\extension\module\pavobuilder\inc\widgets\custom_menu.php on line 131
2018-05-19 21:28:51 - PHP Notice:  Undefined index: ru-ru in C:\xampp\htdocs\opencart\catalog\controller\extension\module\pavobuilder\inc\widgets\custom_menu.php on line 131
2018-05-19 21:28:51 - PHP Notice:  Undefined index: ru-ru in C:\xampp\htdocs\opencart\catalog\controller\extension\module\pavobuilder\inc\widgets\custom_menu.php on line 131
2018-05-19 21:28:51 - PHP Notice:  Undefined index: ru-ru in C:\xampp\htdocs\opencart\catalog\controller\extension\module\pavobuilder\inc\widgets\custom_menu.php on line 126
2018-05-19 21:28:51 - PHP Notice:  Undefined index: ru-ru in C:\xampp\htdocs\opencart\catalog\controller\extension\module\pavobuilder\inc\widgets\custom_menu.php on line 131
2018-05-19 21:28:51 - PHP Notice:  Undefined index: ru-ru in C:\xampp\htdocs\opencart\catalog\controller\extension\module\pavobuilder\inc\widgets\custom_menu.php on line 131
2018-05-19 21:28:51 - PHP Notice:  Undefined index: ru-ru in C:\xampp\htdocs\opencart\catalog\controller\extension\module\pavobuilder\inc\widgets\custom_menu.php on line 131
2018-05-19 21:28:51 - PHP Notice:  Undefined index: ru-ru in C:\xampp\htdocs\opencart\catalog\controller\extension\module\pavobuilder\inc\widgets\custom_menu.php on line 131
2018-05-19 21:28:51 - PHP Notice:  Undefined index: ru-ru in C:\xampp\htdocs\opencart\catalog\controller\extension\module\pavobuilder\inc\widgets\custom_menu.php on line 131
2018-05-19 21:28:51 - PHP Notice:  Undefined index: ru-ru in C:\xampp\htdocs\opencart\catalog\controller\extension\module\pavobuilder\inc\widgets\custom_menu.php on line 131
2018-05-19 21:28:51 - PHP Notice:  Undefined index: ru-ru in C:\xampp\htdocs\opencart\catalog\controller\extension\module\pavobuilder\inc\widgets\custom_menu.php on line 126
2018-05-19 21:28:51 - PHP Notice:  Undefined index: ru-ru in C:\xampp\htdocs\opencart\catalog\controller\extension\module\pavobuilder\inc\widgets\custom_menu.php on line 131
2018-05-19 21:28:51 - PHP Notice:  Undefined index: ru-ru in C:\xampp\htdocs\opencart\catalog\controller\extension\module\pavobuilder\inc\widgets\custom_menu.php on line 131
2018-05-19 21:28:51 - PHP Notice:  Undefined index: ru-ru in C:\xampp\htdocs\opencart\catalog\controller\extension\module\pavobuilder\inc\widgets\custom_menu.php on line 131
2018-05-19 21:28:51 - PHP Notice:  Undefined index: ru-ru in C:\xampp\htdocs\opencart\catalog\controller\extension\module\pavobuilder\inc\widgets\custom_menu.php on line 131
2018-05-19 21:28:51 - PHP Notice:  Undefined index: ru-ru in C:\xampp\htdocs\opencart\catalog\controller\extension\module\pavobuilder\inc\widgets\custom_menu.php on line 131
2018-05-19 21:28:51 - PHP Notice:  Undefined index: ru-ru in C:\xampp\htdocs\opencart\catalog\controller\extension\module\pavobuilder\inc\widgets\custom_menu.php on line 126
2018-05-19 21:28:51 - PHP Notice:  Undefined index: ru-ru in C:\xampp\htdocs\opencart\catalog\controller\extension\module\pavobuilder\inc\widgets\custom_menu.php on line 131
2018-05-19 21:28:51 - PHP Notice:  Undefined index: ru-ru in C:\xampp\htdocs\opencart\catalog\controller\extension\module\pavobuilder\inc\widgets\custom_menu.php on line 131
2018-05-19 21:28:51 - PHP Notice:  Undefined index: ru-ru in C:\xampp\htdocs\opencart\catalog\controller\extension\module\pavobuilder\inc\widgets\custom_menu.php on line 131
2018-05-19 21:28:51 - PHP Notice:  Undefined index: ru-ru in C:\xampp\htdocs\opencart\catalog\controller\extension\module\pavobuilder\inc\widgets\custom_menu.php on line 126
2018-05-19 21:28:51 - PHP Notice:  Undefined index: ru-ru in C:\xampp\htdocs\opencart\catalog\controller\extension\module\pavobuilder\inc\widgets\custom_menu.php on line 131
2018-05-19 21:28:51 - PHP Notice:  Undefined index: ru-ru in C:\xampp\htdocs\opencart\catalog\controller\extension\module\pavobuilder\inc\widgets\custom_menu.php on line 131
2018-05-19 21:28:52 - PHP Notice:  Undefined index: ru-ru in C:\xampp\htdocs\opencart\catalog\controller\extension\module\pavobuilder\inc\widgets\custom_menu.php on line 126
2018-05-19 21:28:52 - PHP Notice:  Undefined index: ru-ru in C:\xampp\htdocs\opencart\catalog\controller\extension\module\pavobuilder\inc\widgets\custom_menu.php on line 131
2018-05-19 21:28:52 - PHP Notice:  Undefined index: ru-ru in C:\xampp\htdocs\opencart\catalog\controller\extension\module\pavobuilder\inc\widgets\custom_menu.php on line 131
2018-05-19 21:28:52 - PHP Notice:  Undefined index: ru-ru in C:\xampp\htdocs\opencart\catalog\controller\extension\module\pavobuilder\inc\widgets\custom_menu.php on line 131
2018-05-19 21:28:52 - PHP Notice:  Undefined index: ru-ru in C:\xampp\htdocs\opencart\catalog\controller\extension\module\pavobuilder\inc\widgets\custom_menu.php on line 126
2018-05-19 21:28:52 - PHP Notice:  Undefined index: ru-ru in C:\xampp\htdocs\opencart\catalog\controller\extension\module\pavobuilder\inc\widgets\custom_menu.php on line 131
2018-05-19 21:28:52 - PHP Notice:  Undefined index: ru-ru in C:\xampp\htdocs\opencart\catalog\controller\extension\module\pavobuilder\inc\widgets\custom_menu.php on line 131
2018-05-19 21:28:52 - PHP Notice:  Undefined index: ru-ru in C:\xampp\htdocs\opencart\catalog\controller\extension\module\pavobuilder\inc\widgets\custom_menu.php on line 131
2018-05-19 21:29:10 - PHP Notice:  Undefined offset: 4 in C:\xampp\htdocs\opencart\catalog\controller\extension\module\pavuserpopup.php on line 119
2018-05-19 21:29:10 - PHP Warning:  trim() expects parameter 1 to be string, array given in C:\xampp\htdocs\opencart\catalog\controller\extension\module\pavuserpopup.php on line 122
2018-05-19 21:29:11 - PHP Notice:  Undefined index: ru-ru in C:\xampp\htdocs\opencart\catalog\controller\extension\module\pavobuilder\inc\widgets\custom_menu.php on line 126
2018-05-19 21:29:11 - PHP Notice:  Undefined index: ru-ru in C:\xampp\htdocs\opencart\catalog\controller\extension\module\pavobuilder\inc\widgets\custom_menu.php on line 131
2018-05-19 21:29:11 - PHP Notice:  Undefined index: ru-ru in C:\xampp\htdocs\opencart\catalog\controller\extension\module\pavobuilder\inc\widgets\custom_menu.php on line 131
2018-05-19 21:29:11 - PHP Notice:  Undefined index: ru-ru in C:\xampp\htdocs\opencart\catalog\controller\extension\module\pavobuilder\inc\widgets\custom_menu.php on line 131
2018-05-19 21:29:11 - PHP Notice:  Undefined index: ru-ru in C:\xampp\htdocs\opencart\catalog\controller\extension\module\pavobuilder\inc\widgets\custom_menu.php on line 131
2018-05-19 21:29:11 - PHP Notice:  Undefined index: ru-ru in C:\xampp\htdocs\opencart\catalog\controller\extension\module\pavobuilder\inc\widgets\custom_menu.php on line 131
2018-05-19 21:29:11 - PHP Notice:  Undefined index: ru-ru in C:\xampp\htdocs\opencart\catalog\controller\extension\module\pavobuilder\inc\widgets\custom_menu.php on line 131
2018-05-19 21:29:11 - PHP Notice:  Undefined index: ru-ru in C:\xampp\htdocs\opencart\catalog\controller\extension\module\pavobuilder\inc\widgets\custom_menu.php on line 126
2018-05-19 21:29:11 - PHP Notice:  Undefined index: ru-ru in C:\xampp\htdocs\opencart\catalog\controller\extension\module\pavobuilder\inc\widgets\custom_menu.php on line 131
2018-05-19 21:29:11 - PHP Notice:  Undefined index: ru-ru in C:\xampp\htdocs\opencart\catalog\controller\extension\module\pavobuilder\inc\widgets\custom_menu.php on line 131
2018-05-19 21:29:11 - PHP Notice:  Undefined index: ru-ru in C:\xampp\htdocs\opencart\catalog\controller\extension\module\pavobuilder\inc\widgets\custom_menu.php on line 131
2018-05-19 21:29:11 - PHP Notice:  Undefined index: ru-ru in C:\xampp\htdocs\opencart\catalog\controller\extension\module\pavobuilder\inc\widgets\custom_menu.php on line 131
2018-05-19 21:29:11 - PHP Notice:  Undefined index: ru-ru in C:\xampp\htdocs\opencart\catalog\controller\extension\module\pavobuilder\inc\widgets\custom_menu.php on line 131
2018-05-19 21:29:11 - PHP Notice:  Undefined index: ru-ru in C:\xampp\htdocs\opencart\catalog\controller\extension\module\pavobuilder\inc\widgets\custom_menu.php on line 131
2018-05-19 21:29:11 - PHP Notice:  Undefined index: ru-ru in C:\xampp\htdocs\opencart\catalog\controller\extension\module\pavobuilder\inc\widgets\custom_menu.php on line 126
2018-05-19 21:29:11 - PHP Notice:  Undefined index: ru-ru in C:\xampp\htdocs\opencart\catalog\controller\extension\module\pavobuilder\inc\widgets\custom_menu.php on line 131
2018-05-19 21:29:11 - PHP Notice:  Undefined index: ru-ru in C:\xampp\htdocs\opencart\catalog\controller\extension\module\pavobuilder\inc\widgets\custom_menu.php on line 131
2018-05-19 21:29:11 - PHP Notice:  Undefined index: ru-ru in C:\xampp\htdocs\opencart\catalog\controller\extension\module\pavobuilder\inc\widgets\custom_menu.php on line 131
2018-05-19 21:29:11 - PHP Notice:  Undefined index: ru-ru in C:\xampp\htdocs\opencart\catalog\controller\extension\module\pavobuilder\inc\widgets\custom_menu.php on line 131
2018-05-19 21:29:11 - PHP Notice:  Undefined index: ru-ru in C:\xampp\htdocs\opencart\catalog\controller\extension\module\pavobuilder\inc\widgets\custom_menu.php on line 131
2018-05-19 21:29:11 - PHP Notice:  Undefined index: ru-ru in C:\xampp\htdocs\opencart\catalog\controller\extension\module\pavobuilder\inc\widgets\custom_menu.php on line 131
2018-05-19 21:29:11 - PHP Notice:  Undefined index: ru-ru in C:\xampp\htdocs\opencart\catalog\controller\extension\module\pavobuilder\inc\widgets\custom_menu.php on line 126
2018-05-19 21:29:11 - PHP Notice:  Undefined index: ru-ru in C:\xampp\htdocs\opencart\catalog\controller\extension\module\pavobuilder\inc\widgets\custom_menu.php on line 131
2018-05-19 21:29:11 - PHP Notice:  Undefined index: ru-ru in C:\xampp\htdocs\opencart\catalog\controller\extension\module\pavobuilder\inc\widgets\custom_menu.php on line 131
2018-05-19 21:29:11 - PHP Notice:  Undefined index: ru-ru in C:\xampp\htdocs\opencart\catalog\controller\extension\module\pavobuilder\inc\widgets\custom_menu.php on line 131
2018-05-19 21:29:11 - PHP Notice:  Undefined index: ru-ru in C:\xampp\htdocs\opencart\catalog\controller\extension\module\pavobuilder\inc\widgets\custom_menu.php on line 131
2018-05-19 21:29:11 - PHP Notice:  Undefined index: ru-ru in C:\xampp\htdocs\opencart\catalog\controller\extension\module\pavobuilder\inc\widgets\custom_menu.php on line 131
2018-05-19 21:29:11 - PHP Notice:  Undefined index: ru-ru in C:\xampp\htdocs\opencart\catalog\controller\extension\module\pavobuilder\inc\widgets\custom_menu.php on line 126
2018-05-19 21:29:11 - PHP Notice:  Undefined index: ru-ru in C:\xampp\htdocs\opencart\catalog\controller\extension\module\pavobuilder\inc\widgets\custom_menu.php on line 131
2018-05-19 21:29:11 - PHP Notice:  Undefined index: ru-ru in C:\xampp\htdocs\opencart\catalog\controller\extension\module\pavobuilder\inc\widgets\custom_menu.php on line 131
2018-05-19 21:29:11 - PHP Notice:  Undefined index: ru-ru in C:\xampp\htdocs\opencart\catalog\controller\extension\module\pavobuilder\inc\widgets\custom_menu.php on line 131
2018-05-19 21:29:11 - PHP Notice:  Undefined index: ru-ru in C:\xampp\htdocs\opencart\catalog\controller\extension\module\pavobuilder\inc\widgets\custom_menu.php on line 126
2018-05-19 21:29:11 - PHP Notice:  Undefined index: ru-ru in C:\xampp\htdocs\opencart\catalog\controller\extension\module\pavobuilder\inc\widgets\custom_menu.php on line 131
2018-05-19 21:29:11 - PHP Notice:  Undefined index: ru-ru in C:\xampp\htdocs\opencart\catalog\controller\extension\module\pavobuilder\inc\widgets\custom_menu.php on line 131
2018-05-19 21:29:11 - PHP Notice:  Undefined index: ru-ru in C:\xampp\htdocs\opencart\catalog\controller\extension\module\pavobuilder\inc\widgets\custom_menu.php on line 126
2018-05-19 21:29:11 - PHP Notice:  Undefined index: ru-ru in C:\xampp\htdocs\opencart\catalog\controller\extension\module\pavobuilder\inc\widgets\custom_menu.php on line 131
2018-05-19 21:29:11 - PHP Notice:  Undefined index: ru-ru in C:\xampp\htdocs\opencart\catalog\controller\extension\module\pavobuilder\inc\widgets\custom_menu.php on line 131
2018-05-19 21:29:11 - PHP Notice:  Undefined index: ru-ru in C:\xampp\htdocs\opencart\catalog\controller\extension\module\pavobuilder\inc\widgets\custom_menu.php on line 131
2018-05-19 21:29:11 - PHP Notice:  Undefined index: ru-ru in C:\xampp\htdocs\opencart\catalog\controller\extension\module\pavobuilder\inc\widgets\custom_menu.php on line 126
2018-05-19 21:29:11 - PHP Notice:  Undefined index: ru-ru in C:\xampp\htdocs\opencart\catalog\controller\extension\module\pavobuilder\inc\widgets\custom_menu.php on line 131
2018-05-19 21:29:11 - PHP Notice:  Undefined index: ru-ru in C:\xampp\htdocs\opencart\catalog\controller\extension\module\pavobuilder\inc\widgets\custom_menu.php on line 131
2018-05-19 21:29:11 - PHP Notice:  Undefined index: ru-ru in C:\xampp\htdocs\opencart\catalog\controller\extension\module\pavobuilder\inc\widgets\custom_menu.php on line 131
2018-05-19 21:29:58 - PHP Notice:  Undefined offset: 4 in C:\xampp\htdocs\opencart\catalog\controller\extension\module\pavuserpopup.php on line 119
2018-05-19 21:29:58 - PHP Warning:  trim() expects parameter 1 to be string, array given in C:\xampp\htdocs\opencart\catalog\controller\extension\module\pavuserpopup.php on line 122
2018-05-19 21:29:58 - PHP Notice:  Undefined index: ru-ru in C:\xampp\htdocs\opencart\catalog\controller\extension\module\pavobuilder\inc\widgets\custom_menu.php on line 126
2018-05-19 21:29:58 - PHP Notice:  Undefined index: ru-ru in C:\xampp\htdocs\opencart\catalog\controller\extension\module\pavobuilder\inc\widgets\custom_menu.php on line 131
2018-05-19 21:29:58 - PHP Notice:  Undefined index: ru-ru in C:\xampp\htdocs\opencart\catalog\controller\extension\module\pavobuilder\inc\widgets\custom_menu.php on line 131
2018-05-19 21:29:58 - PHP Notice:  Undefined index: ru-ru in C:\xampp\htdocs\opencart\catalog\controller\extension\module\pavobuilder\inc\widgets\custom_menu.php on line 131
2018-05-19 21:29:58 - PHP Notice:  Undefined index: ru-ru in C:\xampp\htdocs\opencart\catalog\controller\extension\module\pavobuilder\inc\widgets\custom_menu.php on line 131
2018-05-19 21:29:58 - PHP Notice:  Undefined index: ru-ru in C:\xampp\htdocs\opencart\catalog\controller\extension\module\pavobuilder\inc\widgets\custom_menu.php on line 131
2018-05-19 21:29:58 - PHP Notice:  Undefined index: ru-ru in C:\xampp\htdocs\opencart\catalog\controller\extension\module\pavobuilder\inc\widgets\custom_menu.php on line 131
2018-05-19 21:29:58 - PHP Notice:  Undefined index: ru-ru in C:\xampp\htdocs\opencart\catalog\controller\extension\module\pavobuilder\inc\widgets\custom_menu.php on line 126
2018-05-19 21:29:58 - PHP Notice:  Undefined index: ru-ru in C:\xampp\htdocs\opencart\catalog\controller\extension\module\pavobuilder\inc\widgets\custom_menu.php on line 131
2018-05-19 21:29:58 - PHP Notice:  Undefined index: ru-ru in C:\xampp\htdocs\opencart\catalog\controller\extension\module\pavobuilder\inc\widgets\custom_menu.php on line 131
2018-05-19 21:29:58 - PHP Notice:  Undefined index: ru-ru in C:\xampp\htdocs\opencart\catalog\controller\extension\module\pavobuilder\inc\widgets\custom_menu.php on line 131
2018-05-19 21:29:58 - PHP Notice:  Undefined index: ru-ru in C:\xampp\htdocs\opencart\catalog\controller\extension\module\pavobuilder\inc\widgets\custom_menu.php on line 131
2018-05-19 21:29:58 - PHP Notice:  Undefined index: ru-ru in C:\xampp\htdocs\opencart\catalog\controller\extension\module\pavobuilder\inc\widgets\custom_menu.php on line 131
2018-05-19 21:29:58 - PHP Notice:  Undefined index: ru-ru in C:\xampp\htdocs\opencart\catalog\controller\extension\module\pavobuilder\inc\widgets\custom_menu.php on line 131
2018-05-19 21:29:58 - PHP Notice:  Undefined index: ru-ru in C:\xampp\htdocs\opencart\catalog\controller\extension\module\pavobuilder\inc\widgets\custom_menu.php on line 126
2018-05-19 21:29:58 - PHP Notice:  Undefined index: ru-ru in C:\xampp\htdocs\opencart\catalog\controller\extension\module\pavobuilder\inc\widgets\custom_menu.php on line 131
2018-05-19 21:29:58 - PHP Notice:  Undefined index: ru-ru in C:\xampp\htdocs\opencart\catalog\controller\extension\module\pavobuilder\inc\widgets\custom_menu.php on line 131
2018-05-19 21:29:58 - PHP Notice:  Undefined index: ru-ru in C:\xampp\htdocs\opencart\catalog\controller\extension\module\pavobuilder\inc\widgets\custom_menu.php on line 131
2018-05-19 21:29:58 - PHP Notice:  Undefined index: ru-ru in C:\xampp\htdocs\opencart\catalog\controller\extension\module\pavobuilder\inc\widgets\custom_menu.php on line 131
2018-05-19 21:29:58 - PHP Notice:  Undefined index: ru-ru in C:\xampp\htdocs\opencart\catalog\controller\extension\module\pavobuilder\inc\widgets\custom_menu.php on line 131
2018-05-19 21:29:58 - PHP Notice:  Undefined index: ru-ru in C:\xampp\htdocs\opencart\catalog\controller\extension\module\pavobuilder\inc\widgets\custom_menu.php on line 131
2018-05-19 21:29:58 - PHP Notice:  Undefined index: ru-ru in C:\xampp\htdocs\opencart\catalog\controller\extension\module\pavobuilder\inc\widgets\custom_menu.php on line 126
2018-05-19 21:29:58 - PHP Notice:  Undefined index: ru-ru in C:\xampp\htdocs\opencart\catalog\controller\extension\module\pavobuilder\inc\widgets\custom_menu.php on line 131
2018-05-19 21:29:58 - PHP Notice:  Undefined index: ru-ru in C:\xampp\htdocs\opencart\catalog\controller\extension\module\pavobuilder\inc\widgets\custom_menu.php on line 131
2018-05-19 21:29:58 - PHP Notice:  Undefined index: ru-ru in C:\xampp\htdocs\opencart\catalog\controller\extension\module\pavobuilder\inc\widgets\custom_menu.php on line 131
2018-05-19 21:29:58 - PHP Notice:  Undefined index: ru-ru in C:\xampp\htdocs\opencart\catalog\controller\extension\module\pavobuilder\inc\widgets\custom_menu.php on line 131
2018-05-19 21:29:58 - PHP Notice:  Undefined index: ru-ru in C:\xampp\htdocs\opencart\catalog\controller\extension\module\pavobuilder\inc\widgets\custom_menu.php on line 131
2018-05-19 21:29:58 - PHP Notice:  Undefined index: ru-ru in C:\xampp\htdocs\opencart\catalog\controller\extension\module\pavobuilder\inc\widgets\custom_menu.php on line 126
2018-05-19 21:29:58 - PHP Notice:  Undefined index: ru-ru in C:\xampp\htdocs\opencart\catalog\controller\extension\module\pavobuilder\inc\widgets\custom_menu.php on line 131
2018-05-19 21:29:58 - PHP Notice:  Undefined index: ru-ru in C:\xampp\htdocs\opencart\catalog\controller\extension\module\pavobuilder\inc\widgets\custom_menu.php on line 131
2018-05-19 21:29:58 - PHP Notice:  Undefined index: ru-ru in C:\xampp\htdocs\opencart\catalog\controller\extension\module\pavobuilder\inc\widgets\custom_menu.php on line 131
2018-05-19 21:29:58 - PHP Notice:  Undefined index: ru-ru in C:\xampp\htdocs\opencart\catalog\controller\extension\module\pavobuilder\inc\widgets\custom_menu.php on line 126
2018-05-19 21:29:58 - PHP Notice:  Undefined index: ru-ru in C:\xampp\htdocs\opencart\catalog\controller\extension\module\pavobuilder\inc\widgets\custom_menu.php on line 131
2018-05-19 21:29:58 - PHP Notice:  Undefined index: ru-ru in C:\xampp\htdocs\opencart\catalog\controller\extension\module\pavobuilder\inc\widgets\custom_menu.php on line 131
2018-05-19 21:29:58 - PHP Notice:  Undefined index: ru-ru in C:\xampp\htdocs\opencart\catalog\controller\extension\module\pavobuilder\inc\widgets\custom_menu.php on line 126
2018-05-19 21:29:58 - PHP Notice:  Undefined index: ru-ru in C:\xampp\htdocs\opencart\catalog\controller\extension\module\pavobuilder\inc\widgets\custom_menu.php on line 131
2018-05-19 21:29:58 - PHP Notice:  Undefined index: ru-ru in C:\xampp\htdocs\opencart\catalog\controller\extension\module\pavobuilder\inc\widgets\custom_menu.php on line 131
2018-05-19 21:29:58 - PHP Notice:  Undefined index: ru-ru in C:\xampp\htdocs\opencart\catalog\controller\extension\module\pavobuilder\inc\widgets\custom_menu.php on line 131
2018-05-19 21:29:58 - PHP Notice:  Undefined index: ru-ru in C:\xampp\htdocs\opencart\catalog\controller\extension\module\pavobuilder\inc\widgets\custom_menu.php on line 126
2018-05-19 21:29:58 - PHP Notice:  Undefined index: ru-ru in C:\xampp\htdocs\opencart\catalog\controller\extension\module\pavobuilder\inc\widgets\custom_menu.php on line 131
2018-05-19 21:29:58 - PHP Notice:  Undefined index: ru-ru in C:\xampp\htdocs\opencart\catalog\controller\extension\module\pavobuilder\inc\widgets\custom_menu.php on line 131
2018-05-19 21:29:58 - PHP Notice:  Undefined index: ru-ru in C:\xampp\htdocs\opencart\catalog\controller\extension\module\pavobuilder\inc\widgets\custom_menu.php on line 131
2018-05-19 21:30:21 - PHP Notice:  Undefined offset: 4 in C:\xampp\htdocs\opencart\catalog\controller\extension\module\pavuserpopup.php on line 119
2018-05-19 21:30:21 - PHP Warning:  trim() expects parameter 1 to be string, array given in C:\xampp\htdocs\opencart\catalog\controller\extension\module\pavuserpopup.php on line 122
2018-05-19 21:30:21 - PHP Notice:  Undefined index: ru-ru in C:\xampp\htdocs\opencart\catalog\controller\extension\module\pavobuilder\inc\widgets\custom_menu.php on line 126
2018-05-19 21:30:21 - PHP Notice:  Undefined index: ru-ru in C:\xampp\htdocs\opencart\catalog\controller\extension\module\pavobuilder\inc\widgets\custom_menu.php on line 131
2018-05-19 21:30:21 - PHP Notice:  Undefined index: ru-ru in C:\xampp\htdocs\opencart\catalog\controller\extension\module\pavobuilder\inc\widgets\custom_menu.php on line 131
2018-05-19 21:30:21 - PHP Notice:  Undefined index: ru-ru in C:\xampp\htdocs\opencart\catalog\controller\extension\module\pavobuilder\inc\widgets\custom_menu.php on line 131
2018-05-19 21:30:21 - PHP Notice:  Undefined index: ru-ru in C:\xampp\htdocs\opencart\catalog\controller\extension\module\pavobuilder\inc\widgets\custom_menu.php on line 131
2018-05-19 21:30:21 - PHP Notice:  Undefined index: ru-ru in C:\xampp\htdocs\opencart\catalog\controller\extension\module\pavobuilder\inc\widgets\custom_menu.php on line 131
2018-05-19 21:30:21 - PHP Notice:  Undefined index: ru-ru in C:\xampp\htdocs\opencart\catalog\controller\extension\module\pavobuilder\inc\widgets\custom_menu.php on line 131
2018-05-19 21:30:21 - PHP Notice:  Undefined index: ru-ru in C:\xampp\htdocs\opencart\catalog\controller\extension\module\pavobuilder\inc\widgets\custom_menu.php on line 126
2018-05-19 21:30:21 - PHP Notice:  Undefined index: ru-ru in C:\xampp\htdocs\opencart\catalog\controller\extension\module\pavobuilder\inc\widgets\custom_menu.php on line 131
2018-05-19 21:30:21 - PHP Notice:  Undefined index: ru-ru in C:\xampp\htdocs\opencart\catalog\controller\extension\module\pavobuilder\inc\widgets\custom_menu.php on line 131
2018-05-19 21:30:21 - PHP Notice:  Undefined index: ru-ru in C:\xampp\htdocs\opencart\catalog\controller\extension\module\pavobuilder\inc\widgets\custom_menu.php on line 131
2018-05-19 21:30:21 - PHP Notice:  Undefined index: ru-ru in C:\xampp\htdocs\opencart\catalog\controller\extension\module\pavobuilder\inc\widgets\custom_menu.php on line 131
2018-05-19 21:30:21 - PHP Notice:  Undefined index: ru-ru in C:\xampp\htdocs\opencart\catalog\controller\extension\module\pavobuilder\inc\widgets\custom_menu.php on line 131
2018-05-19 21:30:21 - PHP Notice:  Undefined index: ru-ru in C:\xampp\htdocs\opencart\catalog\controller\extension\module\pavobuilder\inc\widgets\custom_menu.php on line 131
2018-05-19 21:30:21 - PHP Notice:  Undefined index: ru-ru in C:\xampp\htdocs\opencart\catalog\controller\extension\module\pavobuilder\inc\widgets\custom_menu.php on line 126
2018-05-19 21:30:21 - PHP Notice:  Undefined index: ru-ru in C:\xampp\htdocs\opencart\catalog\controller\extension\module\pavobuilder\inc\widgets\custom_menu.php on line 131
2018-05-19 21:30:21 - PHP Notice:  Undefined index: ru-ru in C:\xampp\htdocs\opencart\catalog\controller\extension\module\pavobuilder\inc\widgets\custom_menu.php on line 131
2018-05-19 21:30:21 - PHP Notice:  Undefined index: ru-ru in C:\xampp\htdocs\opencart\catalog\controller\extension\module\pavobuilder\inc\widgets\custom_menu.php on line 131
2018-05-19 21:30:21 - PHP Notice:  Undefined index: ru-ru in C:\xampp\htdocs\opencart\catalog\controller\extension\module\pavobuilder\inc\widgets\custom_menu.php on line 131
2018-05-19 21:30:21 - PHP Notice:  Undefined index: ru-ru in C:\xampp\htdocs\opencart\catalog\controller\extension\module\pavobuilder\inc\widgets\custom_menu.php on line 131
2018-05-19 21:30:21 - PHP Notice:  Undefined index: ru-ru in C:\xampp\htdocs\opencart\catalog\controller\extension\module\pavobuilder\inc\widgets\custom_menu.php on line 131
2018-05-19 21:30:21 - PHP Notice:  Undefined index: ru-ru in C:\xampp\htdocs\opencart\catalog\controller\extension\module\pavobuilder\inc\widgets\custom_menu.php on line 126
2018-05-19 21:30:21 - PHP Notice:  Undefined index: ru-ru in C:\xampp\htdocs\opencart\catalog\controller\extension\module\pavobuilder\inc\widgets\custom_menu.php on line 131
2018-05-19 21:30:21 - PHP Notice:  Undefined index: ru-ru in C:\xampp\htdocs\opencart\catalog\controller\extension\module\pavobuilder\inc\widgets\custom_menu.php on line 131
2018-05-19 21:30:21 - PHP Notice:  Undefined index: ru-ru in C:\xampp\htdocs\opencart\catalog\controller\extension\module\pavobuilder\inc\widgets\custom_menu.php on line 131
2018-05-19 21:30:21 - PHP Notice:  Undefined index: ru-ru in C:\xampp\htdocs\opencart\catalog\controller\extension\module\pavobuilder\inc\widgets\custom_menu.php on line 131
2018-05-19 21:30:21 - PHP Notice:  Undefined index: ru-ru in C:\xampp\htdocs\opencart\catalog\controller\extension\module\pavobuilder\inc\widgets\custom_menu.php on line 131
2018-05-19 21:30:21 - PHP Notice:  Undefined index: ru-ru in C:\xampp\htdocs\opencart\catalog\controller\extension\module\pavobuilder\inc\widgets\custom_menu.php on line 126
2018-05-19 21:30:21 - PHP Notice:  Undefined index: ru-ru in C:\xampp\htdocs\opencart\catalog\controller\extension\module\pavobuilder\inc\widgets\custom_menu.php on line 131
2018-05-19 21:30:21 - PHP Notice:  Undefined index: ru-ru in C:\xampp\htdocs\opencart\catalog\controller\extension\module\pavobuilder\inc\widgets\custom_menu.php on line 131
2018-05-19 21:30:21 - PHP Notice:  Undefined index: ru-ru in C:\xampp\htdocs\opencart\catalog\controller\extension\module\pavobuilder\inc\widgets\custom_menu.php on line 131
2018-05-19 21:30:21 - PHP Notice:  Undefined index: ru-ru in C:\xampp\htdocs\opencart\catalog\controller\extension\module\pavobuilder\inc\widgets\custom_menu.php on line 126
2018-05-19 21:30:21 - PHP Notice:  Undefined index: ru-ru in C:\xampp\htdocs\opencart\catalog\controller\extension\module\pavobuilder\inc\widgets\custom_menu.php on line 131
2018-05-19 21:30:21 - PHP Notice:  Undefined index: ru-ru in C:\xampp\htdocs\opencart\catalog\controller\extension\module\pavobuilder\inc\widgets\custom_menu.php on line 131
2018-05-19 21:30:22 - PHP Notice:  Undefined index: ru-ru in C:\xampp\htdocs\opencart\catalog\controller\extension\module\pavobuilder\inc\widgets\custom_menu.php on line 126
2018-05-19 21:30:22 - PHP Notice:  Undefined index: ru-ru in C:\xampp\htdocs\opencart\catalog\controller\extension\module\pavobuilder\inc\widgets\custom_menu.php on line 131
2018-05-19 21:30:22 - PHP Notice:  Undefined index: ru-ru in C:\xampp\htdocs\opencart\catalog\controller\extension\module\pavobuilder\inc\widgets\custom_menu.php on line 131
2018-05-19 21:30:22 - PHP Notice:  Undefined index: ru-ru in C:\xampp\htdocs\opencart\catalog\controller\extension\module\pavobuilder\inc\widgets\custom_menu.php on line 131
2018-05-19 21:30:22 - PHP Notice:  Undefined index: ru-ru in C:\xampp\htdocs\opencart\catalog\controller\extension\module\pavobuilder\inc\widgets\custom_menu.php on line 126
2018-05-19 21:30:22 - PHP Notice:  Undefined index: ru-ru in C:\xampp\htdocs\opencart\catalog\controller\extension\module\pavobuilder\inc\widgets\custom_menu.php on line 131
2018-05-19 21:30:22 - PHP Notice:  Undefined index: ru-ru in C:\xampp\htdocs\opencart\catalog\controller\extension\module\pavobuilder\inc\widgets\custom_menu.php on line 131
2018-05-19 21:30:22 - PHP Notice:  Undefined index: ru-ru in C:\xampp\htdocs\opencart\catalog\controller\extension\module\pavobuilder\inc\widgets\custom_menu.php on line 131
2018-05-19 21:33:47 - PHP Notice:  Undefined offset: 4 in C:\xampp\htdocs\opencart\catalog\controller\extension\module\pavuserpopup.php on line 119
2018-05-19 21:33:47 - PHP Warning:  trim() expects parameter 1 to be string, array given in C:\xampp\htdocs\opencart\catalog\controller\extension\module\pavuserpopup.php on line 122
2018-05-19 21:33:47 - PHP Notice:  Undefined index: ru-ru in C:\xampp\htdocs\opencart\catalog\controller\extension\module\pavobuilder\inc\widgets\custom_menu.php on line 126
2018-05-19 21:33:47 - PHP Notice:  Undefined index: ru-ru in C:\xampp\htdocs\opencart\catalog\controller\extension\module\pavobuilder\inc\widgets\custom_menu.php on line 131
2018-05-19 21:33:47 - PHP Notice:  Undefined index: ru-ru in C:\xampp\htdocs\opencart\catalog\controller\extension\module\pavobuilder\inc\widgets\custom_menu.php on line 131
2018-05-19 21:33:47 - PHP Notice:  Undefined index: ru-ru in C:\xampp\htdocs\opencart\catalog\controller\extension\module\pavobuilder\inc\widgets\custom_menu.php on line 131
2018-05-19 21:33:47 - PHP Notice:  Undefined index: ru-ru in C:\xampp\htdocs\opencart\catalog\controller\extension\module\pavobuilder\inc\widgets\custom_menu.php on line 131
2018-05-19 21:33:47 - PHP Notice:  Undefined index: ru-ru in C:\xampp\htdocs\opencart\catalog\controller\extension\module\pavobuilder\inc\widgets\custom_menu.php on line 131
2018-05-19 21:33:47 - PHP Notice:  Undefined index: ru-ru in C:\xampp\htdocs\opencart\catalog\controller\extension\module\pavobuilder\inc\widgets\custom_menu.php on line 131
2018-05-19 21:33:47 - PHP Notice:  Undefined index: ru-ru in C:\xampp\htdocs\opencart\catalog\controller\extension\module\pavobuilder\inc\widgets\custom_menu.php on line 126
2018-05-19 21:33:47 - PHP Notice:  Undefined index: ru-ru in C:\xampp\htdocs\opencart\catalog\controller\extension\module\pavobuilder\inc\widgets\custom_menu.php on line 131
2018-05-19 21:33:47 - PHP Notice:  Undefined index: ru-ru in C:\xampp\htdocs\opencart\catalog\controller\extension\module\pavobuilder\inc\widgets\custom_menu.php on line 131
2018-05-19 21:33:47 - PHP Notice:  Undefined index: ru-ru in C:\xampp\htdocs\opencart\catalog\controller\extension\module\pavobuilder\inc\widgets\custom_menu.php on line 131
2018-05-19 21:33:47 - PHP Notice:  Undefined index: ru-ru in C:\xampp\htdocs\opencart\catalog\controller\extension\module\pavobuilder\inc\widgets\custom_menu.php on line 131
2018-05-19 21:33:47 - PHP Notice:  Undefined index: ru-ru in C:\xampp\htdocs\opencart\catalog\controller\extension\module\pavobuilder\inc\widgets\custom_menu.php on line 131
2018-05-19 21:33:47 - PHP Notice:  Undefined index: ru-ru in C:\xampp\htdocs\opencart\catalog\controller\extension\module\pavobuilder\inc\widgets\custom_menu.php on line 131
2018-05-19 21:33:47 - PHP Notice:  Undefined index: ru-ru in C:\xampp\htdocs\opencart\catalog\controller\extension\module\pavobuilder\inc\widgets\custom_menu.php on line 126
2018-05-19 21:33:47 - PHP Notice:  Undefined index: ru-ru in C:\xampp\htdocs\opencart\catalog\controller\extension\module\pavobuilder\inc\widgets\custom_menu.php on line 131
2018-05-19 21:33:47 - PHP Notice:  Undefined index: ru-ru in C:\xampp\htdocs\opencart\catalog\controller\extension\module\pavobuilder\inc\widgets\custom_menu.php on line 131
2018-05-19 21:33:47 - PHP Notice:  Undefined index: ru-ru in C:\xampp\htdocs\opencart\catalog\controller\extension\module\pavobuilder\inc\widgets\custom_menu.php on line 131
2018-05-19 21:33:47 - PHP Notice:  Undefined index: ru-ru in C:\xampp\htdocs\opencart\catalog\controller\extension\module\pavobuilder\inc\widgets\custom_menu.php on line 131
2018-05-19 21:33:47 - PHP Notice:  Undefined index: ru-ru in C:\xampp\htdocs\opencart\catalog\controller\extension\module\pavobuilder\inc\widgets\custom_menu.php on line 131
2018-05-19 21:33:47 - PHP Notice:  Undefined index: ru-ru in C:\xampp\htdocs\opencart\catalog\controller\extension\module\pavobuilder\inc\widgets\custom_menu.php on line 131
2018-05-19 21:33:47 - PHP Notice:  Undefined index: ru-ru in C:\xampp\htdocs\opencart\catalog\controller\extension\module\pavobuilder\inc\widgets\custom_menu.php on line 126
2018-05-19 21:33:47 - PHP Notice:  Undefined index: ru-ru in C:\xampp\htdocs\opencart\catalog\controller\extension\module\pavobuilder\inc\widgets\custom_menu.php on line 131
2018-05-19 21:33:47 - PHP Notice:  Undefined index: ru-ru in C:\xampp\htdocs\opencart\catalog\controller\extension\module\pavobuilder\inc\widgets\custom_menu.php on line 131
2018-05-19 21:33:47 - PHP Notice:  Undefined index: ru-ru in C:\xampp\htdocs\opencart\catalog\controller\extension\module\pavobuilder\inc\widgets\custom_menu.php on line 131
2018-05-19 21:33:47 - PHP Notice:  Undefined index: ru-ru in C:\xampp\htdocs\opencart\catalog\controller\extension\module\pavobuilder\inc\widgets\custom_menu.php on line 131
2018-05-19 21:33:47 - PHP Notice:  Undefined index: ru-ru in C:\xampp\htdocs\opencart\catalog\controller\extension\module\pavobuilder\inc\widgets\custom_menu.php on line 131
2018-05-19 21:33:47 - PHP Notice:  Undefined index: ru-ru in C:\xampp\htdocs\opencart\catalog\controller\extension\module\pavobuilder\inc\widgets\custom_menu.php on line 126
2018-05-19 21:33:47 - PHP Notice:  Undefined index: ru-ru in C:\xampp\htdocs\opencart\catalog\controller\extension\module\pavobuilder\inc\widgets\custom_menu.php on line 131
2018-05-19 21:33:47 - PHP Notice:  Undefined index: ru-ru in C:\xampp\htdocs\opencart\catalog\controller\extension\module\pavobuilder\inc\widgets\custom_menu.php on line 131
2018-05-19 21:33:47 - PHP Notice:  Undefined index: ru-ru in C:\xampp\htdocs\opencart\catalog\controller\extension\module\pavobuilder\inc\widgets\custom_menu.php on line 131
2018-05-19 21:33:47 - PHP Notice:  Undefined index: ru-ru in C:\xampp\htdocs\opencart\catalog\controller\extension\module\pavobuilder\inc\widgets\custom_menu.php on line 126
2018-05-19 21:33:47 - PHP Notice:  Undefined index: ru-ru in C:\xampp\htdocs\opencart\catalog\controller\extension\module\pavobuilder\inc\widgets\custom_menu.php on line 131
2018-05-19 21:33:47 - PHP Notice:  Undefined index: ru-ru in C:\xampp\htdocs\opencart\catalog\controller\extension\module\pavobuilder\inc\widgets\custom_menu.php on line 131
2018-05-19 21:33:47 - PHP Notice:  Undefined index: ru-ru in C:\xampp\htdocs\opencart\catalog\controller\extension\module\pavobuilder\inc\widgets\custom_menu.php on line 126
2018-05-19 21:33:47 - PHP Notice:  Undefined index: ru-ru in C:\xampp\htdocs\opencart\catalog\controller\extension\module\pavobuilder\inc\widgets\custom_menu.php on line 131
2018-05-19 21:33:47 - PHP Notice:  Undefined index: ru-ru in C:\xampp\htdocs\opencart\catalog\controller\extension\module\pavobuilder\inc\widgets\custom_menu.php on line 131
2018-05-19 21:33:47 - PHP Notice:  Undefined index: ru-ru in C:\xampp\htdocs\opencart\catalog\controller\extension\module\pavobuilder\inc\widgets\custom_menu.php on line 131
2018-05-19 21:33:47 - PHP Notice:  Undefined index: ru-ru in C:\xampp\htdocs\opencart\catalog\controller\extension\module\pavobuilder\inc\widgets\custom_menu.php on line 126
2018-05-19 21:33:47 - PHP Notice:  Undefined index: ru-ru in C:\xampp\htdocs\opencart\catalog\controller\extension\module\pavobuilder\inc\widgets\custom_menu.php on line 131
2018-05-19 21:33:47 - PHP Notice:  Undefined index: ru-ru in C:\xampp\htdocs\opencart\catalog\controller\extension\module\pavobuilder\inc\widgets\custom_menu.php on line 131
2018-05-19 21:33:47 - PHP Notice:  Undefined index: ru-ru in C:\xampp\htdocs\opencart\catalog\controller\extension\module\pavobuilder\inc\widgets\custom_menu.php on line 131
2018-05-20 8:51:51 - PHP Notice:  Undefined variable: file in C:\xampp\htdocs\opencart\admin\controller\extension\module\pavothemer.php on line 2229
2018-05-20 8:51:52 - PHP Notice:  Undefined variable: file in C:\xampp\htdocs\opencart\admin\controller\extension\module\pavothemer.php on line 2229
2018-05-20 15:45:32 - PHP Notice:  Undefined index: description in C:\xampp\htdocs\opencart\system\storage\modification\catalog\controller\information\information.php on line 80
